2026-06-22 11:23:42,453 | INFO | HTTP Request: POST https://api.telegram.org/bot8138415576:AAEBNAZqjuA8AqzgpSVZuWs77_ZEKjG9Pe8/getMe "HTTP/1.1 200 OK"
2026-06-22 11:23:42,461 | INFO | 🚀 Все фоновые задачи запущены.
2026-06-22 11:23:42,461 | INFO | 🤖 AutoTrader инициализирован.
2026-06-22 11:23:42,518 | INFO | HTTP Request: POST https://api.telegram.org/bot8138415576:AAEBNAZqjuA8AqzgpSVZuWs77_ZEKjG9Pe8/deleteWebhook "HTTP/1.1 200 OK"
2026-06-22 11:23:42,534 | INFO | Application started
2026-06-22 11:23:42,749 | INFO | HTTP Request: POST https://api.telegram.org/bot8138415576:AAEBNAZqjuA8AqzgpSVZuWs77_ZEKjG9Pe8/getUpdates "HTTP/1.1 200 OK"
2026-06-22 11:23:42,887 | INFO | HTTP Request: POST https://api.telegram.org/bot8138415576:AAEBNAZqjuA8AqzgpSVZuWs77_ZEKjG9Pe8/sendMessage "HTTP/1.1 200 OK"
2026-06-22 11:23:47,469 | INFO | Scanning market...
2026-06-22 11:23:50,694 | INFO | No signals found.
2026-06-22 11:23:52,844 | INFO | HTTP Request: POST https://api.telegram.org/bot8138415576:AAEBNAZqjuA8AqzgpSVZuWs77_ZEKjG9Pe8/getUpdates "HTTP/1.1 200 OK"
2026-06-22 11:24:02,922 | INFO | HTTP Request: POST https://api.telegram.org/bot8138415576:AAEBNAZqjuA8AqzgpSVZuWs77_ZEKjG9Pe8/getUpdates "HTTP/1.1 200 OK"
2026-06-22 11:24:13,003 | INFO | HTTP Request: POST https://api.telegram.org/bot8138415576:AAEBNAZqjuA8AqzgpSVZuWs77_ZEKjG9Pe8/getUpdates "HTTP/1.1 200 OK"
2026-06-22 11:24:13,067 | INFO | HTTP Request: POST https://api.telegram.org/bot8138415576:AAEBNAZqjuA8AqzgpSVZuWs77_ZEKjG9Pe8/getUpdates "HTTP/1.1 200 OK"
2026-06-22 11:24:13,329 | INFO | HTTP Request: POST https://api.telegram.org/bot8138415576:AAEBNAZqjuA8AqzgpSVZuWs77_ZEKjG9Pe8/sendMessage "HTTP/1.1 200 OK"
2026-06-22 11:24:23,189 | INFO | HTTP Request: POST https://api.telegram.org/bot8138415576:AAEBNAZqjuA8AqzgpSVZuWs77_ZEKjG9Pe8/getUpdates "HTTP/1.1 200 OK"
2026-06-22 11:24:33,257 | INFO | HTTP Request: POST https://api.telegram.org/bot8138415576:AAEBNAZqjuA8AqzgpSVZuWs77_ZEKjG9Pe8/getUpdates "HTTP/1.1 200 OK"
2026-06-22 11:24:43,325 | INFO | HTTP Request: POST https://api.telegram.org/bot8138415576:AAEBNAZqjuA8AqzgpSVZuWs77_ZEKjG9Pe8/getUpdates "HTTP/1.1 200 OK"
2026-06-22 11:24:53,398 | INFO | HTTP Request: POST https://api.telegram.org/bot8138415576:AAEBNAZqjuA8AqzgpSVZuWs77_ZEKjG9Pe8/getUpdates "HTTP/1.1 200 OK"
2026-06-22 11:25:03,488 | INFO | HTTP Request: POST https://api.telegram.org/bot8138415576:AAEBNAZqjuA8AqzgpSVZuWs77_ZEKjG9Pe8/getUpdates "HTTP/1.1 200 OK"
2026-06-22 11:25:13,566 | INFO | HTTP Request: POST https://api.telegram.org/bot8138415576:AAEBNAZqjuA8AqzgpSVZuWs77_ZEKjG9Pe8/getUpdates "HTTP/1.1 200 OK"
2026-06-22 11:25:23,642 | INFO | HTTP Request: POST https://api.telegram.org/bot8138415576:AAEBNAZqjuA8AqzgpSVZuWs77_ZEKjG9Pe8/getUpdates "HTTP/1.1 200 OK"
2026-06-22 11:25:33,728 | INFO | HTTP Request: POST https://api.telegram.org/bot8138415576:AAEBNAZqjuA8AqzgpSVZuWs77_ZEKjG9Pe8/getUpdates "HTTP/1.1 200 OK"
2026-06-22 11:25:43,824 | INFO | HTTP Request: POST https://api.telegram.org/bot8138415576:AAEBNAZqjuA8AqzgpSVZuWs77_ZEKjG9Pe8/getUpdates "HTTP/1.1 200 OK"
2026-06-22 11:25:53,902 | INFO | HTTP Request: POST https://api.telegram.org/bot8138415576:AAEBNAZqjuA8AqzgpSVZuWs77_ZEKjG9Pe8/getUpdates "HTTP/1.1 200 OK"
2026-06-22 11:26:03,978 | INFO | HTTP Request: POST https://api.telegram.org/bot8138415576:AAEBNAZqjuA8AqzgpSVZuWs77_ZEKjG9Pe8/getUpdates "HTTP/1.1 200 OK"
2026-06-22 11:26:14,057 | INFO | HTTP Request: POST https://api.telegram.org/bot8138415576:AAEBNAZqjuA8AqzgpSVZuWs77_ZEKjG9Pe8/getUpdates "HTTP/1.1 200 OK"
2026-06-22 11:26:24,131 | INFO | HTTP Request: POST https://api.telegram.org/bot8138415576:AAEBNAZqjuA8AqzgpSVZuWs77_ZEKjG9Pe8/getUpdates "HTTP/1.1 200 OK"
2026-06-22 11:26:34,206 | INFO | HTTP Request: POST https://api.telegram.org/bot8138415576:AAEBNAZqjuA8AqzgpSVZuWs77_ZEKjG9Pe8/getUpdates "HTTP/1.1 200 OK"
2026-06-22 11:26:44,287 | INFO | HTTP Request: POST https://api.telegram.org/bot8138415576:AAEBNAZqjuA8AqzgpSVZuWs77_ZEKjG9Pe8/getUpdates "HTTP/1.1 200 OK"
2026-06-22 11:26:54,399 | INFO | HTTP Request: POST https://api.telegram.org/bot8138415576:AAEBNAZqjuA8AqzgpSVZuWs77_ZEKjG9Pe8/getUpdates "HTTP/1.1 200 OK"
2026-06-22 11:27:04,476 | INFO | HTTP Request: POST https://api.telegram.org/bot8138415576:AAEBNAZqjuA8AqzgpSVZuWs77_ZEKjG9Pe8/getUpdates "HTTP/1.1 200 OK"
2026-06-22 11:27:14,556 | INFO | HTTP Request: POST https://api.telegram.org/bot8138415576:AAEBNAZqjuA8AqzgpSVZuWs77_ZEKjG9Pe8/getUpdates "HTTP/1.1 200 OK"
2026-06-22 11:27:24,634 | INFO | HTTP Request: POST https://api.telegram.org/bot8138415576:AAEBNAZqjuA8AqzgpSVZuWs77_ZEKjG9Pe8/getUpdates "HTTP/1.1 200 OK"
2026-06-22 11:27:34,713 | INFO | HTTP Request: POST https://api.telegram.org/bot8138415576:AAEBNAZqjuA8AqzgpSVZuWs77_ZEKjG9Pe8/getUpdates "HTTP/1.1 200 OK"
2026-06-22 11:27:44,792 | INFO | HTTP Request: POST https://api.telegram.org/bot8138415576:AAEBNAZqjuA8AqzgpSVZuWs77_ZEKjG9Pe8/getUpdates "HTTP/1.1 200 OK"
2026-06-22 11:27:54,875 | INFO | HTTP Request: POST https://api.telegram.org/bot8138415576:AAEBNAZqjuA8AqzgpSVZuWs77_ZEKjG9Pe8/getUpdates "HTTP/1.1 200 OK"
2026-06-22 11:28:04,944 | INFO | HTTP Request: POST https://api.telegram.org/bot8138415576:AAEBNAZqjuA8AqzgpSVZuWs77_ZEKjG9Pe8/getUpdates "HTTP/1.1 200 OK"
2026-06-22 11:28:15,027 | INFO | HTTP Request: POST https://api.telegram.org/bot8138415576:AAEBNAZqjuA8AqzgpSVZuWs77_ZEKjG9Pe8/getUpdates "HTTP/1.1 200 OK"
2026-06-22 11:28:25,103 | INFO | HTTP Request: POST https://api.telegram.org/bot8138415576:AAEBNAZqjuA8AqzgpSVZuWs77_ZEKjG9Pe8/getUpdates "HTTP/1.1 200 OK"
2026-06-22 11:28:35,179 | INFO | HTTP Request: POST https://api.telegram.org/bot8138415576:AAEBNAZqjuA8AqzgpSVZuWs77_ZEKjG9Pe8/getUpdates "HTTP/1.1 200 OK"
2026-06-22 11:28:45,261 | INFO | HTTP Request: POST https://api.telegram.org/bot8138415576:AAEBNAZqjuA8AqzgpSVZuWs77_ZEKjG9Pe8/getUpdates "HTTP/1.1 200 OK"
2026-06-22 11:28:55,346 | INFO | HTTP Request: POST https://api.telegram.org/bot8138415576:AAEBNAZqjuA8AqzgpSVZuWs77_ZEKjG9Pe8/getUpdates "HTTP/1.1 200 OK"
2026-06-22 11:29:05,427 | INFO | HTTP Request: POST https://api.telegram.org/bot8138415576:AAEBNAZqjuA8AqzgpSVZuWs77_ZEKjG9Pe8/getUpdates "HTTP/1.1 200 OK"
2026-06-22 11:29:15,515 | INFO | HTTP Request: POST https://api.telegram.org/bot8138415576:AAEBNAZqjuA8AqzgpSVZuWs77_ZEKjG9Pe8/getUpdates "HTTP/1.1 200 OK"
2026-06-22 11:29:25,597 | INFO | HTTP Request: POST https://api.telegram.org/bot8138415576:AAEBNAZqjuA8AqzgpSVZuWs77_ZEKjG9Pe8/getUpdates "HTTP/1.1 200 OK"
2026-06-22 11:29:35,676 | INFO | HTTP Request: POST https://api.telegram.org/bot8138415576:AAEBNAZqjuA8AqzgpSVZuWs77_ZEKjG9Pe8/getUpdates "HTTP/1.1 200 OK"
2026-06-22 11:29:45,933 | INFO | HTTP Request: POST https://api.telegram.org/bot8138415576:AAEBNAZqjuA8AqzgpSVZuWs77_ZEKjG9Pe8/getUpdates "HTTP/1.1 200 OK"
2026-06-22 11:29:56,018 | INFO | HTTP Request: POST https://api.telegram.org/bot8138415576:AAEBNAZqjuA8AqzgpSVZuWs77_ZEKjG9Pe8/getUpdates "HTTP/1.1 200 OK"
2026-06-22 11:30:06,100 | INFO | HTTP Request: POST https://api.telegram.org/bot8138415576:AAEBNAZqjuA8AqzgpSVZuWs77_ZEKjG9Pe8/getUpdates "HTTP/1.1 200 OK"
2026-06-22 11:30:16,179 | INFO | HTTP Request: POST https://api.telegram.org/bot8138415576:AAEBNAZqjuA8AqzgpSVZuWs77_ZEKjG9Pe8/getUpdates "HTTP/1.1 200 OK"
2026-06-22 11:30:26,251 | INFO | HTTP Request: POST https://api.telegram.org/bot8138415576:AAEBNAZqjuA8AqzgpSVZuWs77_ZEKjG9Pe8/getUpdates "HTTP/1.1 200 OK"
2026-06-22 11:30:36,331 | INFO | HTTP Request: POST https://api.telegram.org/bot8138415576:AAEBNAZqjuA8AqzgpSVZuWs77_ZEKjG9Pe8/getUpdates "HTTP/1.1 200 OK"
2026-06-22 11:30:46,414 | INFO | HTTP Request: POST https://api.telegram.org/bot8138415576:AAEBNAZqjuA8AqzgpSVZuWs77_ZEKjG9Pe8/getUpdates "HTTP/1.1 200 OK"
2026-06-22 11:30:56,494 | INFO | HTTP Request: POST https://api.telegram.org/bot8138415576:AAEBNAZqjuA8AqzgpSVZuWs77_ZEKjG9Pe8/getUpdates "HTTP/1.1 200 OK"
2026-06-22 11:31:06,572 | INFO | HTTP Request: POST https://api.telegram.org/bot8138415576:AAEBNAZqjuA8AqzgpSVZuWs77_ZEKjG9Pe8/getUpdates "HTTP/1.1 200 OK"
2026-06-22 11:31:16,651 | INFO | HTTP Request: POST https://api.telegram.org/bot8138415576:AAEBNAZqjuA8AqzgpSVZuWs77_ZEKjG9Pe8/getUpdates "HTTP/1.1 200 OK"
2026-06-22 11:31:26,730 | INFO | HTTP Request: POST https://api.telegram.org/bot8138415576:AAEBNAZqjuA8AqzgpSVZuWs77_ZEKjG9Pe8/getUpdates "HTTP/1.1 200 OK"
2026-06-22 11:31:36,806 | INFO | HTTP Request: POST https://api.telegram.org/bot8138415576:AAEBNAZqjuA8AqzgpSVZuWs77_ZEKjG9Pe8/getUpdates "HTTP/1.1 200 OK"
2026-06-22 11:31:46,889 | INFO | HTTP Request: POST https://api.telegram.org/bot8138415576:AAEBNAZqjuA8AqzgpSVZuWs77_ZEKjG9Pe8/getUpdates "HTTP/1.1 200 OK"
2026-06-22 11:31:56,967 | INFO | HTTP Request: POST https://api.telegram.org/bot8138415576:AAEBNAZqjuA8AqzgpSVZuWs77_ZEKjG9Pe8/getUpdates "HTTP/1.1 200 OK"
2026-06-22 11:32:07,046 | INFO | HTTP Request: POST https://api.telegram.org/bot8138415576:AAEBNAZqjuA8AqzgpSVZuWs77_ZEKjG9Pe8/getUpdates "HTTP/1.1 200 OK"
2026-06-22 11:32:17,124 | INFO | HTTP Request: POST https://api.telegram.org/bot8138415576:AAEBNAZqjuA8AqzgpSVZuWs77_ZEKjG9Pe8/getUpdates "HTTP/1.1 200 OK"
2026-06-22 11:32:27,205 | INFO | HTTP Request: POST https://api.telegram.org/bot8138415576:AAEBNAZqjuA8AqzgpSVZuWs77_ZEKjG9Pe8/getUpdates "HTTP/1.1 200 OK"
2026-06-22 11:32:37,297 | INFO | HTTP Request: POST https://api.telegram.org/bot8138415576:AAEBNAZqjuA8AqzgpSVZuWs77_ZEKjG9Pe8/getUpdates "HTTP/1.1 200 OK"
2026-06-22 11:32:47,401 | INFO | HTTP Request: POST https://api.telegram.org/bot8138415576:AAEBNAZqjuA8AqzgpSVZuWs77_ZEKjG9Pe8/getUpdates "HTTP/1.1 200 OK"
2026-06-22 11:32:57,518 | INFO | HTTP Request: POST https://api.telegram.org/bot8138415576:AAEBNAZqjuA8AqzgpSVZuWs77_ZEKjG9Pe8/getUpdates "HTTP/1.1 200 OK"
2026-06-22 11:33:07,631 | INFO | HTTP Request: POST https://api.telegram.org/bot8138415576:AAEBNAZqjuA8AqzgpSVZuWs77_ZEKjG9Pe8/getUpdates "HTTP/1.1 200 OK"
2026-06-22 11:33:17,736 | INFO | HTTP Request: POST https://api.telegram.org/bot8138415576:AAEBNAZqjuA8AqzgpSVZuWs77_ZEKjG9Pe8/getUpdates "HTTP/1.1 200 OK"
2026-06-22 11:33:27,879 | INFO | HTTP Request: POST https://api.telegram.org/bot8138415576:AAEBNAZqjuA8AqzgpSVZuWs77_ZEKjG9Pe8/getUpdates "HTTP/1.1 200 OK"
2026-06-22 11:33:38,017 | INFO | HTTP Request: POST https://api.telegram.org/bot8138415576:AAEBNAZqjuA8AqzgpSVZuWs77_ZEKjG9Pe8/getUpdates "HTTP/1.1 200 OK"
2026-06-22 11:33:48,170 | INFO | HTTP Request: POST https://api.telegram.org/bot8138415576:AAEBNAZqjuA8AqzgpSVZuWs77_ZEKjG9Pe8/getUpdates "HTTP/1.1 200 OK"
2026-06-22 11:33:58,264 | INFO | HTTP Request: POST https://api.telegram.org/bot8138415576:AAEBNAZqjuA8AqzgpSVZuWs77_ZEKjG9Pe8/getUpdates "HTTP/1.1 200 OK"
2026-06-22 11:34:08,339 | INFO | HTTP Request: POST https://api.telegram.org/bot8138415576:AAEBNAZqjuA8AqzgpSVZuWs77_ZEKjG9Pe8/getUpdates "HTTP/1.1 200 OK"
2026-06-22 11:34:18,419 | INFO | HTTP Request: POST https://api.telegram.org/bot8138415576:AAEBNAZqjuA8AqzgpSVZuWs77_ZEKjG9Pe8/getUpdates "HTTP/1.1 200 OK"
2026-06-22 11:34:28,497 | INFO | HTTP Request: POST https://api.telegram.org/bot8138415576:AAEBNAZqjuA8AqzgpSVZuWs77_ZEKjG9Pe8/getUpdates "HTTP/1.1 200 OK"
2026-06-22 11:34:38,625 | INFO | HTTP Request: POST https://api.telegram.org/bot8138415576:AAEBNAZqjuA8AqzgpSVZuWs77_ZEKjG9Pe8/getUpdates "HTTP/1.1 200 OK"
2026-06-22 11:34:48,733 | INFO | HTTP Request: POST https://api.telegram.org/bot8138415576:AAEBNAZqjuA8AqzgpSVZuWs77_ZEKjG9Pe8/getUpdates "HTTP/1.1 200 OK"
2026-06-22 11:34:58,831 | INFO | HTTP Request: POST https://api.telegram.org/bot8138415576:AAEBNAZqjuA8AqzgpSVZuWs77_ZEKjG9Pe8/getUpdates "HTTP/1.1 200 OK"
2026-06-22 11:35:08,922 | INFO | HTTP Request: POST https://api.telegram.org/bot8138415576:AAEBNAZqjuA8AqzgpSVZuWs77_ZEKjG9Pe8/getUpdates "HTTP/1.1 200 OK"
2026-06-22 11:35:19,045 | INFO | HTTP Request: POST https://api.telegram.org/bot8138415576:AAEBNAZqjuA8AqzgpSVZuWs77_ZEKjG9Pe8/getUpdates "HTTP/1.1 200 OK"
2026-06-22 11:35:29,191 | INFO | HTTP Request: POST https://api.telegram.org/bot8138415576:AAEBNAZqjuA8AqzgpSVZuWs77_ZEKjG9Pe8/getUpdates "HTTP/1.1 200 OK"
2026-06-22 11:35:39,285 | INFO | HTTP Request: POST https://api.telegram.org/bot8138415576:AAEBNAZqjuA8AqzgpSVZuWs77_ZEKjG9Pe8/getUpdates "HTTP/1.1 200 OK"
2026-06-22 11:35:49,371 | INFO | HTTP Request: POST https://api.telegram.org/bot8138415576:AAEBNAZqjuA8AqzgpSVZuWs77_ZEKjG9Pe8/getUpdates "HTTP/1.1 200 OK"
2026-06-22 11:35:59,458 | INFO | HTTP Request: POST https://api.telegram.org/bot8138415576:AAEBNAZqjuA8AqzgpSVZuWs77_ZEKjG9Pe8/getUpdates "HTTP/1.1 200 OK"
2026-06-22 11:36:09,537 | INFO | HTTP Request: POST https://api.telegram.org/bot8138415576:AAEBNAZqjuA8AqzgpSVZuWs77_ZEKjG9Pe8/getUpdates "HTTP/1.1 200 OK"
2026-06-22 11:36:19,615 | INFO | HTTP Request: POST https://api.telegram.org/bot8138415576:AAEBNAZqjuA8AqzgpSVZuWs77_ZEKjG9Pe8/getUpdates "HTTP/1.1 200 OK"
2026-06-22 11:36:29,701 | INFO | HTTP Request: POST https://api.telegram.org/bot8138415576:AAEBNAZqjuA8AqzgpSVZuWs77_ZEKjG9Pe8/getUpdates "HTTP/1.1 200 OK"
2026-06-22 11:36:39,788 | INFO | HTTP Request: POST https://api.telegram.org/bot8138415576:AAEBNAZqjuA8AqzgpSVZuWs77_ZEKjG9Pe8/getUpdates "HTTP/1.1 200 OK"
2026-06-22 11:36:49,877 | INFO | HTTP Request: POST https://api.telegram.org/bot8138415576:AAEBNAZqjuA8AqzgpSVZuWs77_ZEKjG9Pe8/getUpdates "HTTP/1.1 200 OK"
2026-06-22 11:36:59,956 | INFO | HTTP Request: POST https://api.telegram.org/bot8138415576:AAEBNAZqjuA8AqzgpSVZuWs77_ZEKjG9Pe8/getUpdates "HTTP/1.1 200 OK"
2026-06-22 11:37:10,038 | INFO | HTTP Request: POST https://api.telegram.org/bot8138415576:AAEBNAZqjuA8AqzgpSVZuWs77_ZEKjG9Pe8/getUpdates "HTTP/1.1 200 OK"
2026-06-22 11:37:20,268 | INFO | HTTP Request: POST https://api.telegram.org/bot8138415576:AAEBNAZqjuA8AqzgpSVZuWs77_ZEKjG9Pe8/getUpdates "HTTP/1.1 200 OK"
2026-06-22 11:37:30,409 | INFO | HTTP Request: POST https://api.telegram.org/bot8138415576:AAEBNAZqjuA8AqzgpSVZuWs77_ZEKjG9Pe8/getUpdates "HTTP/1.1 200 OK"
2026-06-22 11:37:40,488 | INFO | HTTP Request: POST https://api.telegram.org/bot8138415576:AAEBNAZqjuA8AqzgpSVZuWs77_ZEKjG9Pe8/getUpdates "HTTP/1.1 200 OK"
2026-06-22 11:37:50,577 | INFO | HTTP Request: POST https://api.telegram.org/bot8138415576:AAEBNAZqjuA8AqzgpSVZuWs77_ZEKjG9Pe8/getUpdates "HTTP/1.1 200 OK"
2026-06-22 11:38:00,656 | INFO | HTTP Request: POST https://api.telegram.org/bot8138415576:AAEBNAZqjuA8AqzgpSVZuWs77_ZEKjG9Pe8/getUpdates "HTTP/1.1 200 OK"
2026-06-22 11:38:10,740 | INFO | HTTP Request: POST https://api.telegram.org/bot8138415576:AAEBNAZqjuA8AqzgpSVZuWs77_ZEKjG9Pe8/getUpdates "HTTP/1.1 200 OK"
2026-06-22 11:38:20,827 | INFO | HTTP Request: POST https://api.telegram.org/bot8138415576:AAEBNAZqjuA8AqzgpSVZuWs77_ZEKjG9Pe8/getUpdates "HTTP/1.1 200 OK"
2026-06-22 11:38:30,907 | INFO | HTTP Request: POST https://api.telegram.org/bot8138415576:AAEBNAZqjuA8AqzgpSVZuWs77_ZEKjG9Pe8/getUpdates "HTTP/1.1 200 OK"
2026-06-22 11:38:40,988 | INFO | HTTP Request: POST https://api.telegram.org/bot8138415576:AAEBNAZqjuA8AqzgpSVZuWs77_ZEKjG9Pe8/getUpdates "HTTP/1.1 200 OK"
2026-06-22 11:38:50,706 | INFO | Scanning market...
2026-06-22 11:38:54,371 | INFO | No signals found.
2026-06-22 11:38:54,374 | INFO | HTTP Request: POST https://api.telegram.org/bot8138415576:AAEBNAZqjuA8AqzgpSVZuWs77_ZEKjG9Pe8/getUpdates "HTTP/1.1 200 OK"
2026-06-22 11:39:04,457 | INFO | HTTP Request: POST https://api.telegram.org/bot8138415576:AAEBNAZqjuA8AqzgpSVZuWs77_ZEKjG9Pe8/getUpdates "HTTP/1.1 200 OK"
2026-06-22 11:39:14,542 | INFO | HTTP Request: POST https://api.telegram.org/bot8138415576:AAEBNAZqjuA8AqzgpSVZuWs77_ZEKjG9Pe8/getUpdates "HTTP/1.1 200 OK"
2026-06-22 11:39:24,623 | INFO | HTTP Request: POST https://api.telegram.org/bot8138415576:AAEBNAZqjuA8AqzgpSVZuWs77_ZEKjG9Pe8/getUpdates "HTTP/1.1 200 OK"
2026-06-22 11:39:34,701 | INFO | HTTP Request: POST https://api.telegram.org/bot8138415576:AAEBNAZqjuA8AqzgpSVZuWs77_ZEKjG9Pe8/getUpdates "HTTP/1.1 200 OK"
2026-06-22 11:39:44,792 | INFO | HTTP Request: POST https://api.telegram.org/bot8138415576:AAEBNAZqjuA8AqzgpSVZuWs77_ZEKjG9Pe8/getUpdates "HTTP/1.1 200 OK"
2026-06-22 11:39:54,870 | INFO | HTTP Request: POST https://api.telegram.org/bot8138415576:AAEBNAZqjuA8AqzgpSVZuWs77_ZEKjG9Pe8/getUpdates "HTTP/1.1 200 OK"
2026-06-22 11:40:04,950 | INFO | HTTP Request: POST https://api.telegram.org/bot8138415576:AAEBNAZqjuA8AqzgpSVZuWs77_ZEKjG9Pe8/getUpdates "HTTP/1.1 200 OK"
2026-06-22 11:40:15,016 | INFO | HTTP Request: POST https://api.telegram.org/bot8138415576:AAEBNAZqjuA8AqzgpSVZuWs77_ZEKjG9Pe8/getUpdates "HTTP/1.1 200 OK"
2026-06-22 11:40:25,099 | INFO | HTTP Request: POST https://api.telegram.org/bot8138415576:AAEBNAZqjuA8AqzgpSVZuWs77_ZEKjG9Pe8/getUpdates "HTTP/1.1 200 OK"
2026-06-22 11:40:30,017 | INFO | HTTP Request: POST https://api.telegram.org/bot8138415576:AAEBNAZqjuA8AqzgpSVZuWs77_ZEKjG9Pe8/getUpdates "HTTP/1.1 200 OK"
2026-06-22 11:40:30,257 | INFO | HTTP Request: POST https://api.telegram.org/bot8138415576:AAEBNAZqjuA8AqzgpSVZuWs77_ZEKjG9Pe8/getUpdates "HTTP/1.1 200 OK"
2026-06-22 11:40:30,527 | INFO | HTTP Request: POST https://api.telegram.org/bot8138415576:AAEBNAZqjuA8AqzgpSVZuWs77_ZEKjG9Pe8/sendMessage "HTTP/1.1 200 OK"
2026-06-22 11:40:33,326 | INFO | HTTP Request: POST https://api.telegram.org/bot8138415576:AAEBNAZqjuA8AqzgpSVZuWs77_ZEKjG9Pe8/sendMessage "HTTP/1.1 200 OK"
2026-06-22 11:40:40,347 | INFO | HTTP Request: POST https://api.telegram.org/bot8138415576:AAEBNAZqjuA8AqzgpSVZuWs77_ZEKjG9Pe8/getUpdates "HTTP/1.1 200 OK"
2026-06-22 11:40:47,610 | INFO | HTTP Request: POST https://api.telegram.org/bot8138415576:AAEBNAZqjuA8AqzgpSVZuWs77_ZEKjG9Pe8/getUpdates "HTTP/1.1 200 OK"
2026-06-22 11:40:47,863 | INFO | HTTP Request: POST https://api.telegram.org/bot8138415576:AAEBNAZqjuA8AqzgpSVZuWs77_ZEKjG9Pe8/sendMessage "HTTP/1.1 200 OK"
2026-06-22 11:40:57,699 | INFO | HTTP Request: POST https://api.telegram.org/bot8138415576:AAEBNAZqjuA8AqzgpSVZuWs77_ZEKjG9Pe8/getUpdates "HTTP/1.1 200 OK"
2026-06-22 11:41:07,774 | INFO | HTTP Request: POST https://api.telegram.org/bot8138415576:AAEBNAZqjuA8AqzgpSVZuWs77_ZEKjG9Pe8/getUpdates "HTTP/1.1 200 OK"
2026-06-22 11:41:17,854 | INFO | HTTP Request: POST https://api.telegram.org/bot8138415576:AAEBNAZqjuA8AqzgpSVZuWs77_ZEKjG9Pe8/getUpdates "HTTP/1.1 200 OK"
2026-06-22 11:41:28,504 | INFO | HTTP Request: POST https://api.telegram.org/bot8138415576:AAEBNAZqjuA8AqzgpSVZuWs77_ZEKjG9Pe8/getUpdates "HTTP/1.1 200 OK"
2026-06-22 11:41:38,853 | INFO | HTTP Request: POST https://api.telegram.org/bot8138415576:AAEBNAZqjuA8AqzgpSVZuWs77_ZEKjG9Pe8/getUpdates "HTTP/1.1 200 OK"
2026-06-22 11:41:49,578 | INFO | HTTP Request: POST https://api.telegram.org/bot8138415576:AAEBNAZqjuA8AqzgpSVZuWs77_ZEKjG9Pe8/getUpdates "HTTP/1.1 200 OK"
2026-06-22 11:41:59,759 | INFO | HTTP Request: POST https://api.telegram.org/bot8138415576:AAEBNAZqjuA8AqzgpSVZuWs77_ZEKjG9Pe8/getUpdates "HTTP/1.1 200 OK"
2026-06-22 11:42:09,849 | INFO | HTTP Request: POST https://api.telegram.org/bot8138415576:AAEBNAZqjuA8AqzgpSVZuWs77_ZEKjG9Pe8/getUpdates "HTTP/1.1 200 OK"
2026-06-22 11:42:19,922 | INFO | HTTP Request: POST https://api.telegram.org/bot8138415576:AAEBNAZqjuA8AqzgpSVZuWs77_ZEKjG9Pe8/getUpdates "HTTP/1.1 200 OK"
2026-06-22 11:42:29,995 | INFO | HTTP Request: POST https://api.telegram.org/bot8138415576:AAEBNAZqjuA8AqzgpSVZuWs77_ZEKjG9Pe8/getUpdates "HTTP/1.1 200 OK"
2026-06-22 11:42:40,075 | INFO | HTTP Request: POST https://api.telegram.org/bot8138415576:AAEBNAZqjuA8AqzgpSVZuWs77_ZEKjG9Pe8/getUpdates "HTTP/1.1 200 OK"
2026-06-22 11:42:50,159 | INFO | HTTP Request: POST https://api.telegram.org/bot8138415576:AAEBNAZqjuA8AqzgpSVZuWs77_ZEKjG9Pe8/getUpdates "HTTP/1.1 200 OK"
2026-06-22 11:43:00,368 | INFO | HTTP Request: POST https://api.telegram.org/bot8138415576:AAEBNAZqjuA8AqzgpSVZuWs77_ZEKjG9Pe8/getUpdates "HTTP/1.1 200 OK"
2026-06-22 11:43:10,442 | INFO | HTTP Request: POST https://api.telegram.org/bot8138415576:AAEBNAZqjuA8AqzgpSVZuWs77_ZEKjG9Pe8/getUpdates "HTTP/1.1 200 OK"
2026-06-22 11:43:20,525 | INFO | HTTP Request: POST https://api.telegram.org/bot8138415576:AAEBNAZqjuA8AqzgpSVZuWs77_ZEKjG9Pe8/getUpdates "HTTP/1.1 200 OK"
2026-06-22 11:43:30,597 | INFO | HTTP Request: POST https://api.telegram.org/bot8138415576:AAEBNAZqjuA8AqzgpSVZuWs77_ZEKjG9Pe8/getUpdates "HTTP/1.1 200 OK"
2026-06-22 11:43:40,669 | INFO | HTTP Request: POST https://api.telegram.org/bot8138415576:AAEBNAZqjuA8AqzgpSVZuWs77_ZEKjG9Pe8/getUpdates "HTTP/1.1 200 OK"
2026-06-22 11:43:50,771 | INFO | HTTP Request: POST https://api.telegram.org/bot8138415576:AAEBNAZqjuA8AqzgpSVZuWs77_ZEKjG9Pe8/getUpdates "HTTP/1.1 200 OK"
2026-06-22 11:44:00,850 | INFO | HTTP Request: POST https://api.telegram.org/bot8138415576:AAEBNAZqjuA8AqzgpSVZuWs77_ZEKjG9Pe8/getUpdates "HTTP/1.1 200 OK"
2026-06-22 11:44:10,927 | INFO | HTTP Request: POST https://api.telegram.org/bot8138415576:AAEBNAZqjuA8AqzgpSVZuWs77_ZEKjG9Pe8/getUpdates "HTTP/1.1 200 OK"
2026-06-22 11:44:20,998 | INFO | HTTP Request: POST https://api.telegram.org/bot8138415576:AAEBNAZqjuA8AqzgpSVZuWs77_ZEKjG9Pe8/getUpdates "HTTP/1.1 200 OK"
2026-06-22 11:44:31,078 | INFO | HTTP Request: POST https://api.telegram.org/bot8138415576:AAEBNAZqjuA8AqzgpSVZuWs77_ZEKjG9Pe8/getUpdates "HTTP/1.1 200 OK"
2026-06-22 11:44:41,174 | INFO | HTTP Request: POST https://api.telegram.org/bot8138415576:AAEBNAZqjuA8AqzgpSVZuWs77_ZEKjG9Pe8/getUpdates "HTTP/1.1 200 OK"
2026-06-22 11:44:51,250 | INFO | HTTP Request: POST https://api.telegram.org/bot8138415576:AAEBNAZqjuA8AqzgpSVZuWs77_ZEKjG9Pe8/getUpdates "HTTP/1.1 200 OK"
2026-06-22 11:45:01,321 | INFO | HTTP Request: POST https://api.telegram.org/bot8138415576:AAEBNAZqjuA8AqzgpSVZuWs77_ZEKjG9Pe8/getUpdates "HTTP/1.1 200 OK"
2026-06-22 11:45:11,398 | INFO | HTTP Request: POST https://api.telegram.org/bot8138415576:AAEBNAZqjuA8AqzgpSVZuWs77_ZEKjG9Pe8/getUpdates "HTTP/1.1 200 OK"
2026-06-22 11:45:21,472 | INFO | HTTP Request: POST https://api.telegram.org/bot8138415576:AAEBNAZqjuA8AqzgpSVZuWs77_ZEKjG9Pe8/getUpdates "HTTP/1.1 200 OK"
2026-06-22 11:45:31,543 | INFO | HTTP Request: POST https://api.telegram.org/bot8138415576:AAEBNAZqjuA8AqzgpSVZuWs77_ZEKjG9Pe8/getUpdates "HTTP/1.1 200 OK"
2026-06-22 11:45:41,664 | INFO | HTTP Request: POST https://api.telegram.org/bot8138415576:AAEBNAZqjuA8AqzgpSVZuWs77_ZEKjG9Pe8/getUpdates "HTTP/1.1 200 OK"
2026-06-22 11:45:51,743 | INFO | HTTP Request: POST https://api.telegram.org/bot8138415576:AAEBNAZqjuA8AqzgpSVZuWs77_ZEKjG9Pe8/getUpdates "HTTP/1.1 200 OK"
2026-06-22 11:46:01,818 | INFO | HTTP Request: POST https://api.telegram.org/bot8138415576:AAEBNAZqjuA8AqzgpSVZuWs77_ZEKjG9Pe8/getUpdates "HTTP/1.1 200 OK"
2026-06-22 11:46:11,894 | INFO | HTTP Request: POST https://api.telegram.org/bot8138415576:AAEBNAZqjuA8AqzgpSVZuWs77_ZEKjG9Pe8/getUpdates "HTTP/1.1 200 OK"
2026-06-22 11:46:21,970 | INFO | HTTP Request: POST https://api.telegram.org/bot8138415576:AAEBNAZqjuA8AqzgpSVZuWs77_ZEKjG9Pe8/getUpdates "HTTP/1.1 200 OK"
2026-06-22 11:46:32,050 | INFO | HTTP Request: POST https://api.telegram.org/bot8138415576:AAEBNAZqjuA8AqzgpSVZuWs77_ZEKjG9Pe8/getUpdates "HTTP/1.1 200 OK"
2026-06-22 11:46:42,131 | INFO | HTTP Request: POST https://api.telegram.org/bot8138415576:AAEBNAZqjuA8AqzgpSVZuWs77_ZEKjG9Pe8/getUpdates "HTTP/1.1 200 OK"
2026-06-22 11:46:52,209 | INFO | HTTP Request: POST https://api.telegram.org/bot8138415576:AAEBNAZqjuA8AqzgpSVZuWs77_ZEKjG9Pe8/getUpdates "HTTP/1.1 200 OK"
2026-06-22 11:47:02,288 | INFO | HTTP Request: POST https://api.telegram.org/bot8138415576:AAEBNAZqjuA8AqzgpSVZuWs77_ZEKjG9Pe8/getUpdates "HTTP/1.1 200 OK"
2026-06-22 11:47:12,365 | INFO | HTTP Request: POST https://api.telegram.org/bot8138415576:AAEBNAZqjuA8AqzgpSVZuWs77_ZEKjG9Pe8/getUpdates "HTTP/1.1 200 OK"
2026-06-22 11:47:22,445 | INFO | HTTP Request: POST https://api.telegram.org/bot8138415576:AAEBNAZqjuA8AqzgpSVZuWs77_ZEKjG9Pe8/getUpdates "HTTP/1.1 200 OK"
2026-06-22 11:47:32,521 | INFO | HTTP Request: POST https://api.telegram.org/bot8138415576:AAEBNAZqjuA8AqzgpSVZuWs77_ZEKjG9Pe8/getUpdates "HTTP/1.1 200 OK"
2026-06-22 11:47:42,605 | INFO | HTTP Request: POST https://api.telegram.org/bot8138415576:AAEBNAZqjuA8AqzgpSVZuWs77_ZEKjG9Pe8/getUpdates "HTTP/1.1 200 OK"
2026-06-22 11:47:52,674 | INFO | HTTP Request: POST https://api.telegram.org/bot8138415576:AAEBNAZqjuA8AqzgpSVZuWs77_ZEKjG9Pe8/getUpdates "HTTP/1.1 200 OK"
2026-06-22 11:48:02,741 | INFO | HTTP Request: POST https://api.telegram.org/bot8138415576:AAEBNAZqjuA8AqzgpSVZuWs77_ZEKjG9Pe8/getUpdates "HTTP/1.1 200 OK"
2026-06-22 11:48:12,817 | INFO | HTTP Request: POST https://api.telegram.org/bot8138415576:AAEBNAZqjuA8AqzgpSVZuWs77_ZEKjG9Pe8/getUpdates "HTTP/1.1 200 OK"
2026-06-22 11:48:22,902 | INFO | HTTP Request: POST https://api.telegram.org/bot8138415576:AAEBNAZqjuA8AqzgpSVZuWs77_ZEKjG9Pe8/getUpdates "HTTP/1.1 200 OK"
2026-06-22 11:48:32,974 | INFO | HTTP Request: POST https://api.telegram.org/bot8138415576:AAEBNAZqjuA8AqzgpSVZuWs77_ZEKjG9Pe8/getUpdates "HTTP/1.1 200 OK"
2026-06-22 11:48:43,050 | INFO | HTTP Request: POST https://api.telegram.org/bot8138415576:AAEBNAZqjuA8AqzgpSVZuWs77_ZEKjG9Pe8/getUpdates "HTTP/1.1 200 OK"
2026-06-22 11:48:53,125 | INFO | HTTP Request: POST https://api.telegram.org/bot8138415576:AAEBNAZqjuA8AqzgpSVZuWs77_ZEKjG9Pe8/getUpdates "HTTP/1.1 200 OK"
2026-06-22 11:49:03,199 | INFO | HTTP Request: POST https://api.telegram.org/bot8138415576:AAEBNAZqjuA8AqzgpSVZuWs77_ZEKjG9Pe8/getUpdates "HTTP/1.1 200 OK"
2026-06-22 11:49:13,272 | INFO | HTTP Request: POST https://api.telegram.org/bot8138415576:AAEBNAZqjuA8AqzgpSVZuWs77_ZEKjG9Pe8/getUpdates "HTTP/1.1 200 OK"
2026-06-22 11:49:23,348 | INFO | HTTP Request: POST https://api.telegram.org/bot8138415576:AAEBNAZqjuA8AqzgpSVZuWs77_ZEKjG9Pe8/getUpdates "HTTP/1.1 200 OK"
2026-06-22 11:49:33,426 | INFO | HTTP Request: POST https://api.telegram.org/bot8138415576:AAEBNAZqjuA8AqzgpSVZuWs77_ZEKjG9Pe8/getUpdates "HTTP/1.1 200 OK"
2026-06-22 11:49:43,505 | INFO | HTTP Request: POST https://api.telegram.org/bot8138415576:AAEBNAZqjuA8AqzgpSVZuWs77_ZEKjG9Pe8/getUpdates "HTTP/1.1 200 OK"
2026-06-22 11:49:53,577 | INFO | HTTP Request: POST https://api.telegram.org/bot8138415576:AAEBNAZqjuA8AqzgpSVZuWs77_ZEKjG9Pe8/getUpdates "HTTP/1.1 200 OK"
2026-06-22 11:50:03,660 | INFO | HTTP Request: POST https://api.telegram.org/bot8138415576:AAEBNAZqjuA8AqzgpSVZuWs77_ZEKjG9Pe8/getUpdates "HTTP/1.1 200 OK"
2026-06-22 11:50:13,725 | INFO | HTTP Request: POST https://api.telegram.org/bot8138415576:AAEBNAZqjuA8AqzgpSVZuWs77_ZEKjG9Pe8/getUpdates "HTTP/1.1 200 OK"
2026-06-22 11:50:23,801 | INFO | HTTP Request: POST https://api.telegram.org/bot8138415576:AAEBNAZqjuA8AqzgpSVZuWs77_ZEKjG9Pe8/getUpdates "HTTP/1.1 200 OK"
2026-06-22 11:50:33,879 | INFO | HTTP Request: POST https://api.telegram.org/bot8138415576:AAEBNAZqjuA8AqzgpSVZuWs77_ZEKjG9Pe8/getUpdates "HTTP/1.1 200 OK"
2026-06-22 11:50:43,950 | INFO | HTTP Request: POST https://api.telegram.org/bot8138415576:AAEBNAZqjuA8AqzgpSVZuWs77_ZEKjG9Pe8/getUpdates "HTTP/1.1 200 OK"
2026-06-22 11:50:54,027 | INFO | HTTP Request: POST https://api.telegram.org/bot8138415576:AAEBNAZqjuA8AqzgpSVZuWs77_ZEKjG9Pe8/getUpdates "HTTP/1.1 200 OK"
2026-06-22 11:51:04,105 | INFO | HTTP Request: POST https://api.telegram.org/bot8138415576:AAEBNAZqjuA8AqzgpSVZuWs77_ZEKjG9Pe8/getUpdates "HTTP/1.1 200 OK"
2026-06-22 11:51:14,199 | INFO | HTTP Request: POST https://api.telegram.org/bot8138415576:AAEBNAZqjuA8AqzgpSVZuWs77_ZEKjG9Pe8/getUpdates "HTTP/1.1 200 OK"
2026-06-22 11:51:24,268 | INFO | HTTP Request: POST https://api.telegram.org/bot8138415576:AAEBNAZqjuA8AqzgpSVZuWs77_ZEKjG9Pe8/getUpdates "HTTP/1.1 200 OK"
2026-06-22 11:51:34,335 | INFO | HTTP Request: POST https://api.telegram.org/bot8138415576:AAEBNAZqjuA8AqzgpSVZuWs77_ZEKjG9Pe8/getUpdates "HTTP/1.1 200 OK"
2026-06-22 11:51:44,413 | INFO | HTTP Request: POST https://api.telegram.org/bot8138415576:AAEBNAZqjuA8AqzgpSVZuWs77_ZEKjG9Pe8/getUpdates "HTTP/1.1 200 OK"
2026-06-22 11:51:54,485 | INFO | HTTP Request: POST https://api.telegram.org/bot8138415576:AAEBNAZqjuA8AqzgpSVZuWs77_ZEKjG9Pe8/getUpdates "HTTP/1.1 200 OK"
2026-06-22 11:52:04,562 | INFO | HTTP Request: POST https://api.telegram.org/bot8138415576:AAEBNAZqjuA8AqzgpSVZuWs77_ZEKjG9Pe8/getUpdates "HTTP/1.1 200 OK"
2026-06-22 11:52:14,641 | INFO | HTTP Request: POST https://api.telegram.org/bot8138415576:AAEBNAZqjuA8AqzgpSVZuWs77_ZEKjG9Pe8/getUpdates "HTTP/1.1 200 OK"
2026-06-22 11:52:24,723 | INFO | HTTP Request: POST https://api.telegram.org/bot8138415576:AAEBNAZqjuA8AqzgpSVZuWs77_ZEKjG9Pe8/getUpdates "HTTP/1.1 200 OK"
2026-06-22 11:52:34,799 | INFO | HTTP Request: POST https://api.telegram.org/bot8138415576:AAEBNAZqjuA8AqzgpSVZuWs77_ZEKjG9Pe8/getUpdates "HTTP/1.1 200 OK"
2026-06-22 11:52:44,872 | INFO | HTTP Request: POST https://api.telegram.org/bot8138415576:AAEBNAZqjuA8AqzgpSVZuWs77_ZEKjG9Pe8/getUpdates "HTTP/1.1 200 OK"
2026-06-22 11:52:54,951 | INFO | HTTP Request: POST https://api.telegram.org/bot8138415576:AAEBNAZqjuA8AqzgpSVZuWs77_ZEKjG9Pe8/getUpdates "HTTP/1.1 200 OK"
2026-06-22 11:53:05,032 | INFO | HTTP Request: POST https://api.telegram.org/bot8138415576:AAEBNAZqjuA8AqzgpSVZuWs77_ZEKjG9Pe8/getUpdates "HTTP/1.1 200 OK"
2026-06-22 11:53:15,107 | INFO | HTTP Request: POST https://api.telegram.org/bot8138415576:AAEBNAZqjuA8AqzgpSVZuWs77_ZEKjG9Pe8/getUpdates "HTTP/1.1 200 OK"
2026-06-22 11:53:25,179 | INFO | HTTP Request: POST https://api.telegram.org/bot8138415576:AAEBNAZqjuA8AqzgpSVZuWs77_ZEKjG9Pe8/getUpdates "HTTP/1.1 200 OK"
2026-06-22 11:53:35,252 | INFO | HTTP Request: POST https://api.telegram.org/bot8138415576:AAEBNAZqjuA8AqzgpSVZuWs77_ZEKjG9Pe8/getUpdates "HTTP/1.1 200 OK"
2026-06-22 11:53:45,346 | INFO | HTTP Request: POST https://api.telegram.org/bot8138415576:AAEBNAZqjuA8AqzgpSVZuWs77_ZEKjG9Pe8/getUpdates "HTTP/1.1 200 OK"
2026-06-22 11:53:54,376 | INFO | Scanning market...
2026-06-22 11:53:57,495 | INFO | No signals found.
2026-06-22 11:53:57,500 | INFO | HTTP Request: POST https://api.telegram.org/bot8138415576:AAEBNAZqjuA8AqzgpSVZuWs77_ZEKjG9Pe8/getUpdates "HTTP/1.1 200 OK"
2026-06-22 11:54:07,565 | INFO | HTTP Request: POST https://api.telegram.org/bot8138415576:AAEBNAZqjuA8AqzgpSVZuWs77_ZEKjG9Pe8/getUpdates "HTTP/1.1 200 OK"
2026-06-22 11:54:17,642 | INFO | HTTP Request: POST https://api.telegram.org/bot8138415576:AAEBNAZqjuA8AqzgpSVZuWs77_ZEKjG9Pe8/getUpdates "HTTP/1.1 200 OK"
2026-06-22 11:54:27,725 | INFO | HTTP Request: POST https://api.telegram.org/bot8138415576:AAEBNAZqjuA8AqzgpSVZuWs77_ZEKjG9Pe8/getUpdates "HTTP/1.1 200 OK"
2026-06-22 11:54:37,803 | INFO | HTTP Request: POST https://api.telegram.org/bot8138415576:AAEBNAZqjuA8AqzgpSVZuWs77_ZEKjG9Pe8/getUpdates "HTTP/1.1 200 OK"
2026-06-22 11:54:47,878 | INFO | HTTP Request: POST https://api.telegram.org/bot8138415576:AAEBNAZqjuA8AqzgpSVZuWs77_ZEKjG9Pe8/getUpdates "HTTP/1.1 200 OK"
2026-06-22 11:54:57,951 | INFO | HTTP Request: POST https://api.telegram.org/bot8138415576:AAEBNAZqjuA8AqzgpSVZuWs77_ZEKjG9Pe8/getUpdates "HTTP/1.1 200 OK"
2026-06-22 11:55:08,029 | INFO | HTTP Request: POST https://api.telegram.org/bot8138415576:AAEBNAZqjuA8AqzgpSVZuWs77_ZEKjG9Pe8/getUpdates "HTTP/1.1 200 OK"
2026-06-22 11:55:18,103 | INFO | HTTP Request: POST https://api.telegram.org/bot8138415576:AAEBNAZqjuA8AqzgpSVZuWs77_ZEKjG9Pe8/getUpdates "HTTP/1.1 200 OK"
2026-06-22 11:55:28,185 | INFO | HTTP Request: POST https://api.telegram.org/bot8138415576:AAEBNAZqjuA8AqzgpSVZuWs77_ZEKjG9Pe8/getUpdates "HTTP/1.1 200 OK"
2026-06-22 11:55:38,269 | INFO | HTTP Request: POST https://api.telegram.org/bot8138415576:AAEBNAZqjuA8AqzgpSVZuWs77_ZEKjG9Pe8/getUpdates "HTTP/1.1 200 OK"
2026-06-22 11:55:48,343 | INFO | HTTP Request: POST https://api.telegram.org/bot8138415576:AAEBNAZqjuA8AqzgpSVZuWs77_ZEKjG9Pe8/getUpdates "HTTP/1.1 200 OK"
2026-06-22 11:55:58,418 | INFO | HTTP Request: POST https://api.telegram.org/bot8138415576:AAEBNAZqjuA8AqzgpSVZuWs77_ZEKjG9Pe8/getUpdates "HTTP/1.1 200 OK"
2026-06-22 11:56:08,489 | INFO | HTTP Request: POST https://api.telegram.org/bot8138415576:AAEBNAZqjuA8AqzgpSVZuWs77_ZEKjG9Pe8/getUpdates "HTTP/1.1 200 OK"
2026-06-22 11:56:18,568 | INFO | HTTP Request: POST https://api.telegram.org/bot8138415576:AAEBNAZqjuA8AqzgpSVZuWs77_ZEKjG9Pe8/getUpdates "HTTP/1.1 200 OK"
2026-06-22 11:56:28,648 | INFO | HTTP Request: POST https://api.telegram.org/bot8138415576:AAEBNAZqjuA8AqzgpSVZuWs77_ZEKjG9Pe8/getUpdates "HTTP/1.1 200 OK"
2026-06-22 11:56:38,731 | INFO | HTTP Request: POST https://api.telegram.org/bot8138415576:AAEBNAZqjuA8AqzgpSVZuWs77_ZEKjG9Pe8/getUpdates "HTTP/1.1 200 OK"
2026-06-22 11:56:48,819 | INFO | HTTP Request: POST https://api.telegram.org/bot8138415576:AAEBNAZqjuA8AqzgpSVZuWs77_ZEKjG9Pe8/getUpdates "HTTP/1.1 200 OK"
2026-06-22 11:56:58,905 | INFO | HTTP Request: POST https://api.telegram.org/bot8138415576:AAEBNAZqjuA8AqzgpSVZuWs77_ZEKjG9Pe8/getUpdates "HTTP/1.1 200 OK"
2026-06-22 11:57:08,984 | INFO | HTTP Request: POST https://api.telegram.org/bot8138415576:AAEBNAZqjuA8AqzgpSVZuWs77_ZEKjG9Pe8/getUpdates "HTTP/1.1 200 OK"
2026-06-22 11:57:19,071 | INFO | HTTP Request: POST https://api.telegram.org/bot8138415576:AAEBNAZqjuA8AqzgpSVZuWs77_ZEKjG9Pe8/getUpdates "HTTP/1.1 200 OK"
2026-06-22 11:57:29,139 | INFO | HTTP Request: POST https://api.telegram.org/bot8138415576:AAEBNAZqjuA8AqzgpSVZuWs77_ZEKjG9Pe8/getUpdates "HTTP/1.1 200 OK"
2026-06-22 11:57:39,218 | INFO | HTTP Request: POST https://api.telegram.org/bot8138415576:AAEBNAZqjuA8AqzgpSVZuWs77_ZEKjG9Pe8/getUpdates "HTTP/1.1 200 OK"
2026-06-22 11:57:49,300 | INFO | HTTP Request: POST https://api.telegram.org/bot8138415576:AAEBNAZqjuA8AqzgpSVZuWs77_ZEKjG9Pe8/getUpdates "HTTP/1.1 200 OK"
2026-06-22 11:57:59,383 | INFO | HTTP Request: POST https://api.telegram.org/bot8138415576:AAEBNAZqjuA8AqzgpSVZuWs77_ZEKjG9Pe8/getUpdates "HTTP/1.1 200 OK"
2026-06-22 11:58:09,459 | INFO | HTTP Request: POST https://api.telegram.org/bot8138415576:AAEBNAZqjuA8AqzgpSVZuWs77_ZEKjG9Pe8/getUpdates "HTTP/1.1 200 OK"
2026-06-22 11:58:19,536 | INFO | HTTP Request: POST https://api.telegram.org/bot8138415576:AAEBNAZqjuA8AqzgpSVZuWs77_ZEKjG9Pe8/getUpdates "HTTP/1.1 200 OK"
2026-06-22 11:58:29,617 | INFO | HTTP Request: POST https://api.telegram.org/bot8138415576:AAEBNAZqjuA8AqzgpSVZuWs77_ZEKjG9Pe8/getUpdates "HTTP/1.1 200 OK"
2026-06-22 11:58:39,691 | INFO | HTTP Request: POST https://api.telegram.org/bot8138415576:AAEBNAZqjuA8AqzgpSVZuWs77_ZEKjG9Pe8/getUpdates "HTTP/1.1 200 OK"
2026-06-22 11:58:49,767 | INFO | HTTP Request: POST https://api.telegram.org/bot8138415576:AAEBNAZqjuA8AqzgpSVZuWs77_ZEKjG9Pe8/getUpdates "HTTP/1.1 200 OK"
2026-06-22 11:58:59,844 | INFO | HTTP Request: POST https://api.telegram.org/bot8138415576:AAEBNAZqjuA8AqzgpSVZuWs77_ZEKjG9Pe8/getUpdates "HTTP/1.1 200 OK"
2026-06-22 11:59:09,932 | INFO | HTTP Request: POST https://api.telegram.org/bot8138415576:AAEBNAZqjuA8AqzgpSVZuWs77_ZEKjG9Pe8/getUpdates "HTTP/1.1 200 OK"
2026-06-22 11:59:20,012 | INFO | HTTP Request: POST https://api.telegram.org/bot8138415576:AAEBNAZqjuA8AqzgpSVZuWs77_ZEKjG9Pe8/getUpdates "HTTP/1.1 200 OK"
2026-06-22 11:59:30,089 | INFO | HTTP Request: POST https://api.telegram.org/bot8138415576:AAEBNAZqjuA8AqzgpSVZuWs77_ZEKjG9Pe8/getUpdates "HTTP/1.1 200 OK"
2026-06-22 11:59:40,168 | INFO | HTTP Request: POST https://api.telegram.org/bot8138415576:AAEBNAZqjuA8AqzgpSVZuWs77_ZEKjG9Pe8/getUpdates "HTTP/1.1 200 OK"
2026-06-22 11:59:50,248 | INFO | HTTP Request: POST https://api.telegram.org/bot8138415576:AAEBNAZqjuA8AqzgpSVZuWs77_ZEKjG9Pe8/getUpdates "HTTP/1.1 200 OK"
2026-06-22 12:00:00,329 | INFO | HTTP Request: POST https://api.telegram.org/bot8138415576:AAEBNAZqjuA8AqzgpSVZuWs77_ZEKjG9Pe8/getUpdates "HTTP/1.1 200 OK"
2026-06-22 12:00:10,405 | INFO | HTTP Request: POST https://api.telegram.org/bot8138415576:AAEBNAZqjuA8AqzgpSVZuWs77_ZEKjG9Pe8/getUpdates "HTTP/1.1 200 OK"
2026-06-22 12:00:20,473 | INFO | HTTP Request: POST https://api.telegram.org/bot8138415576:AAEBNAZqjuA8AqzgpSVZuWs77_ZEKjG9Pe8/getUpdates "HTTP/1.1 200 OK"
2026-06-22 12:00:30,564 | INFO | HTTP Request: POST https://api.telegram.org/bot8138415576:AAEBNAZqjuA8AqzgpSVZuWs77_ZEKjG9Pe8/getUpdates "HTTP/1.1 200 OK"
2026-06-22 12:00:40,671 | INFO | HTTP Request: POST https://api.telegram.org/bot8138415576:AAEBNAZqjuA8AqzgpSVZuWs77_ZEKjG9Pe8/getUpdates "HTTP/1.1 200 OK"
2026-06-22 12:00:50,752 | INFO | HTTP Request: POST https://api.telegram.org/bot8138415576:AAEBNAZqjuA8AqzgpSVZuWs77_ZEKjG9Pe8/getUpdates "HTTP/1.1 200 OK"
2026-06-22 12:01:00,835 | INFO | HTTP Request: POST https://api.telegram.org/bot8138415576:AAEBNAZqjuA8AqzgpSVZuWs77_ZEKjG9Pe8/getUpdates "HTTP/1.1 200 OK"
2026-06-22 12:01:10,929 | INFO | HTTP Request: POST https://api.telegram.org/bot8138415576:AAEBNAZqjuA8AqzgpSVZuWs77_ZEKjG9Pe8/getUpdates "HTTP/1.1 200 OK"
2026-06-22 12:01:21,010 | INFO | HTTP Request: POST https://api.telegram.org/bot8138415576:AAEBNAZqjuA8AqzgpSVZuWs77_ZEKjG9Pe8/getUpdates "HTTP/1.1 200 OK"
2026-06-22 12:01:31,085 | INFO | HTTP Request: POST https://api.telegram.org/bot8138415576:AAEBNAZqjuA8AqzgpSVZuWs77_ZEKjG9Pe8/getUpdates "HTTP/1.1 200 OK"
2026-06-22 12:01:41,164 | INFO | HTTP Request: POST https://api.telegram.org/bot8138415576:AAEBNAZqjuA8AqzgpSVZuWs77_ZEKjG9Pe8/getUpdates "HTTP/1.1 200 OK"
2026-06-22 12:01:51,284 | INFO | HTTP Request: POST https://api.telegram.org/bot8138415576:AAEBNAZqjuA8AqzgpSVZuWs77_ZEKjG9Pe8/getUpdates "HTTP/1.1 200 OK"
2026-06-22 12:02:01,363 | INFO | HTTP Request: POST https://api.telegram.org/bot8138415576:AAEBNAZqjuA8AqzgpSVZuWs77_ZEKjG9Pe8/getUpdates "HTTP/1.1 200 OK"
2026-06-22 12:02:11,444 | INFO | HTTP Request: POST https://api.telegram.org/bot8138415576:AAEBNAZqjuA8AqzgpSVZuWs77_ZEKjG9Pe8/getUpdates "HTTP/1.1 200 OK"
2026-06-22 12:02:21,526 | INFO | HTTP Request: POST https://api.telegram.org/bot8138415576:AAEBNAZqjuA8AqzgpSVZuWs77_ZEKjG9Pe8/getUpdates "HTTP/1.1 200 OK"
2026-06-22 12:02:31,602 | INFO | HTTP Request: POST https://api.telegram.org/bot8138415576:AAEBNAZqjuA8AqzgpSVZuWs77_ZEKjG9Pe8/getUpdates "HTTP/1.1 200 OK"
2026-06-22 12:02:41,681 | INFO | HTTP Request: POST https://api.telegram.org/bot8138415576:AAEBNAZqjuA8AqzgpSVZuWs77_ZEKjG9Pe8/getUpdates "HTTP/1.1 200 OK"
2026-06-22 12:02:51,760 | INFO | HTTP Request: POST https://api.telegram.org/bot8138415576:AAEBNAZqjuA8AqzgpSVZuWs77_ZEKjG9Pe8/getUpdates "HTTP/1.1 200 OK"
2026-06-22 12:03:01,845 | INFO | HTTP Request: POST https://api.telegram.org/bot8138415576:AAEBNAZqjuA8AqzgpSVZuWs77_ZEKjG9Pe8/getUpdates "HTTP/1.1 200 OK"
2026-06-22 12:03:11,933 | INFO | HTTP Request: POST https://api.telegram.org/bot8138415576:AAEBNAZqjuA8AqzgpSVZuWs77_ZEKjG9Pe8/getUpdates "HTTP/1.1 200 OK"
2026-06-22 12:03:22,011 | INFO | HTTP Request: POST https://api.telegram.org/bot8138415576:AAEBNAZqjuA8AqzgpSVZuWs77_ZEKjG9Pe8/getUpdates "HTTP/1.1 200 OK"
2026-06-22 12:03:32,095 | INFO | HTTP Request: POST https://api.telegram.org/bot8138415576:AAEBNAZqjuA8AqzgpSVZuWs77_ZEKjG9Pe8/getUpdates "HTTP/1.1 200 OK"
2026-06-22 12:03:42,174 | INFO | HTTP Request: POST https://api.telegram.org/bot8138415576:AAEBNAZqjuA8AqzgpSVZuWs77_ZEKjG9Pe8/getUpdates "HTTP/1.1 200 OK"
2026-06-22 12:03:52,255 | INFO | HTTP Request: POST https://api.telegram.org/bot8138415576:AAEBNAZqjuA8AqzgpSVZuWs77_ZEKjG9Pe8/getUpdates "HTTP/1.1 200 OK"
2026-06-22 12:04:02,335 | INFO | HTTP Request: POST https://api.telegram.org/bot8138415576:AAEBNAZqjuA8AqzgpSVZuWs77_ZEKjG9Pe8/getUpdates "HTTP/1.1 200 OK"
2026-06-22 12:04:12,422 | INFO | HTTP Request: POST https://api.telegram.org/bot8138415576:AAEBNAZqjuA8AqzgpSVZuWs77_ZEKjG9Pe8/getUpdates "HTTP/1.1 200 OK"
2026-06-22 12:04:22,502 | INFO | HTTP Request: POST https://api.telegram.org/bot8138415576:AAEBNAZqjuA8AqzgpSVZuWs77_ZEKjG9Pe8/getUpdates "HTTP/1.1 200 OK"
2026-06-22 12:04:32,588 | INFO | HTTP Request: POST https://api.telegram.org/bot8138415576:AAEBNAZqjuA8AqzgpSVZuWs77_ZEKjG9Pe8/getUpdates "HTTP/1.1 200 OK"
2026-06-22 12:04:42,668 | INFO | HTTP Request: POST https://api.telegram.org/bot8138415576:AAEBNAZqjuA8AqzgpSVZuWs77_ZEKjG9Pe8/getUpdates "HTTP/1.1 200 OK"
2026-06-22 12:04:52,746 | INFO | HTTP Request: POST https://api.telegram.org/bot8138415576:AAEBNAZqjuA8AqzgpSVZuWs77_ZEKjG9Pe8/getUpdates "HTTP/1.1 200 OK"
2026-06-22 12:05:02,827 | INFO | HTTP Request: POST https://api.telegram.org/bot8138415576:AAEBNAZqjuA8AqzgpSVZuWs77_ZEKjG9Pe8/getUpdates "HTTP/1.1 200 OK"
2026-06-22 12:05:12,904 | INFO | HTTP Request: POST https://api.telegram.org/bot8138415576:AAEBNAZqjuA8AqzgpSVZuWs77_ZEKjG9Pe8/getUpdates "HTTP/1.1 200 OK"
2026-06-22 12:05:22,997 | INFO | HTTP Request: POST https://api.telegram.org/bot8138415576:AAEBNAZqjuA8AqzgpSVZuWs77_ZEKjG9Pe8/getUpdates "HTTP/1.1 200 OK"
2026-06-22 12:05:33,081 | INFO | HTTP Request: POST https://api.telegram.org/bot8138415576:AAEBNAZqjuA8AqzgpSVZuWs77_ZEKjG9Pe8/getUpdates "HTTP/1.1 200 OK"
2026-06-22 12:05:43,160 | INFO | HTTP Request: POST https://api.telegram.org/bot8138415576:AAEBNAZqjuA8AqzgpSVZuWs77_ZEKjG9Pe8/getUpdates "HTTP/1.1 200 OK"
2026-06-22 12:05:53,241 | INFO | HTTP Request: POST https://api.telegram.org/bot8138415576:AAEBNAZqjuA8AqzgpSVZuWs77_ZEKjG9Pe8/getUpdates "HTTP/1.1 200 OK"
2026-06-22 12:06:03,328 | INFO | HTTP Request: POST https://api.telegram.org/bot8138415576:AAEBNAZqjuA8AqzgpSVZuWs77_ZEKjG9Pe8/getUpdates "HTTP/1.1 200 OK"
2026-06-22 12:06:13,407 | INFO | HTTP Request: POST https://api.telegram.org/bot8138415576:AAEBNAZqjuA8AqzgpSVZuWs77_ZEKjG9Pe8/getUpdates "HTTP/1.1 200 OK"
2026-06-22 12:06:23,497 | INFO | HTTP Request: POST https://api.telegram.org/bot8138415576:AAEBNAZqjuA8AqzgpSVZuWs77_ZEKjG9Pe8/getUpdates "HTTP/1.1 200 OK"
2026-06-22 12:06:33,576 | INFO | HTTP Request: POST https://api.telegram.org/bot8138415576:AAEBNAZqjuA8AqzgpSVZuWs77_ZEKjG9Pe8/getUpdates "HTTP/1.1 200 OK"
2026-06-22 12:06:43,663 | INFO | HTTP Request: POST https://api.telegram.org/bot8138415576:AAEBNAZqjuA8AqzgpSVZuWs77_ZEKjG9Pe8/getUpdates "HTTP/1.1 200 OK"
2026-06-22 12:06:53,749 | INFO | HTTP Request: POST https://api.telegram.org/bot8138415576:AAEBNAZqjuA8AqzgpSVZuWs77_ZEKjG9Pe8/getUpdates "HTTP/1.1 200 OK"
2026-06-22 12:07:03,833 | INFO | HTTP Request: POST https://api.telegram.org/bot8138415576:AAEBNAZqjuA8AqzgpSVZuWs77_ZEKjG9Pe8/getUpdates "HTTP/1.1 200 OK"
2026-06-22 12:07:13,916 | INFO | HTTP Request: POST https://api.telegram.org/bot8138415576:AAEBNAZqjuA8AqzgpSVZuWs77_ZEKjG9Pe8/getUpdates "HTTP/1.1 200 OK"
2026-06-22 12:07:23,995 | INFO | HTTP Request: POST https://api.telegram.org/bot8138415576:AAEBNAZqjuA8AqzgpSVZuWs77_ZEKjG9Pe8/getUpdates "HTTP/1.1 200 OK"
2026-06-22 12:07:34,072 | INFO | HTTP Request: POST https://api.telegram.org/bot8138415576:AAEBNAZqjuA8AqzgpSVZuWs77_ZEKjG9Pe8/getUpdates "HTTP/1.1 200 OK"
2026-06-22 12:07:44,150 | INFO | HTTP Request: POST https://api.telegram.org/bot8138415576:AAEBNAZqjuA8AqzgpSVZuWs77_ZEKjG9Pe8/getUpdates "HTTP/1.1 200 OK"
2026-06-22 12:07:54,230 | INFO | HTTP Request: POST https://api.telegram.org/bot8138415576:AAEBNAZqjuA8AqzgpSVZuWs77_ZEKjG9Pe8/getUpdates "HTTP/1.1 200 OK"
2026-06-22 12:08:04,305 | INFO | HTTP Request: POST https://api.telegram.org/bot8138415576:AAEBNAZqjuA8AqzgpSVZuWs77_ZEKjG9Pe8/getUpdates "HTTP/1.1 200 OK"
2026-06-22 12:08:14,402 | INFO | HTTP Request: POST https://api.telegram.org/bot8138415576:AAEBNAZqjuA8AqzgpSVZuWs77_ZEKjG9Pe8/getUpdates "HTTP/1.1 200 OK"
2026-06-22 12:08:24,483 | INFO | HTTP Request: POST https://api.telegram.org/bot8138415576:AAEBNAZqjuA8AqzgpSVZuWs77_ZEKjG9Pe8/getUpdates "HTTP/1.1 200 OK"
2026-06-22 12:08:34,569 | INFO | HTTP Request: POST https://api.telegram.org/bot8138415576:AAEBNAZqjuA8AqzgpSVZuWs77_ZEKjG9Pe8/getUpdates "HTTP/1.1 200 OK"
2026-06-22 12:08:44,645 | INFO | HTTP Request: POST https://api.telegram.org/bot8138415576:AAEBNAZqjuA8AqzgpSVZuWs77_ZEKjG9Pe8/getUpdates "HTTP/1.1 200 OK"
2026-06-22 12:08:54,733 | INFO | HTTP Request: POST https://api.telegram.org/bot8138415576:AAEBNAZqjuA8AqzgpSVZuWs77_ZEKjG9Pe8/getUpdates "HTTP/1.1 200 OK"
2026-06-22 12:08:57,501 | INFO | Scanning market...
2026-06-22 12:09:01,281 | INFO | No signals found.
2026-06-22 12:09:04,813 | INFO | HTTP Request: POST https://api.telegram.org/bot8138415576:AAEBNAZqjuA8AqzgpSVZuWs77_ZEKjG9Pe8/getUpdates "HTTP/1.1 200 OK"
2026-06-22 12:09:14,902 | INFO | HTTP Request: POST https://api.telegram.org/bot8138415576:AAEBNAZqjuA8AqzgpSVZuWs77_ZEKjG9Pe8/getUpdates "HTTP/1.1 200 OK"
2026-06-22 12:09:24,967 | INFO | HTTP Request: POST https://api.telegram.org/bot8138415576:AAEBNAZqjuA8AqzgpSVZuWs77_ZEKjG9Pe8/getUpdates "HTTP/1.1 200 OK"
2026-06-22 12:09:35,044 | INFO | HTTP Request: POST https://api.telegram.org/bot8138415576:AAEBNAZqjuA8AqzgpSVZuWs77_ZEKjG9Pe8/getUpdates "HTTP/1.1 200 OK"
2026-06-22 12:09:45,118 | INFO | HTTP Request: POST https://api.telegram.org/bot8138415576:AAEBNAZqjuA8AqzgpSVZuWs77_ZEKjG9Pe8/getUpdates "HTTP/1.1 200 OK"
2026-06-22 12:09:55,193 | INFO | HTTP Request: POST https://api.telegram.org/bot8138415576:AAEBNAZqjuA8AqzgpSVZuWs77_ZEKjG9Pe8/getUpdates "HTTP/1.1 200 OK"
2026-06-22 12:10:05,265 | INFO | HTTP Request: POST https://api.telegram.org/bot8138415576:AAEBNAZqjuA8AqzgpSVZuWs77_ZEKjG9Pe8/getUpdates "HTTP/1.1 200 OK"
2026-06-22 12:10:15,351 | INFO | HTTP Request: POST https://api.telegram.org/bot8138415576:AAEBNAZqjuA8AqzgpSVZuWs77_ZEKjG9Pe8/getUpdates "HTTP/1.1 200 OK"
2026-06-22 12:10:25,438 | INFO | HTTP Request: POST https://api.telegram.org/bot8138415576:AAEBNAZqjuA8AqzgpSVZuWs77_ZEKjG9Pe8/getUpdates "HTTP/1.1 200 OK"
2026-06-22 12:10:35,522 | INFO | HTTP Request: POST https://api.telegram.org/bot8138415576:AAEBNAZqjuA8AqzgpSVZuWs77_ZEKjG9Pe8/getUpdates "HTTP/1.1 200 OK"
2026-06-22 12:10:45,609 | INFO | HTTP Request: POST https://api.telegram.org/bot8138415576:AAEBNAZqjuA8AqzgpSVZuWs77_ZEKjG9Pe8/getUpdates "HTTP/1.1 200 OK"
2026-06-22 12:10:55,683 | INFO | HTTP Request: POST https://api.telegram.org/bot8138415576:AAEBNAZqjuA8AqzgpSVZuWs77_ZEKjG9Pe8/getUpdates "HTTP/1.1 200 OK"
2026-06-22 12:11:05,754 | INFO | HTTP Request: POST https://api.telegram.org/bot8138415576:AAEBNAZqjuA8AqzgpSVZuWs77_ZEKjG9Pe8/getUpdates "HTTP/1.1 200 OK"
2026-06-22 12:11:16,046 | INFO | HTTP Request: POST https://api.telegram.org/bot8138415576:AAEBNAZqjuA8AqzgpSVZuWs77_ZEKjG9Pe8/getUpdates "HTTP/1.1 200 OK"
2026-06-22 12:11:26,124 | INFO | HTTP Request: POST https://api.telegram.org/bot8138415576:AAEBNAZqjuA8AqzgpSVZuWs77_ZEKjG9Pe8/getUpdates "HTTP/1.1 200 OK"
2026-06-22 12:11:36,303 | INFO | HTTP Request: POST https://api.telegram.org/bot8138415576:AAEBNAZqjuA8AqzgpSVZuWs77_ZEKjG9Pe8/getUpdates "HTTP/1.1 200 OK"
2026-06-22 12:11:46,622 | INFO | HTTP Request: POST https://api.telegram.org/bot8138415576:AAEBNAZqjuA8AqzgpSVZuWs77_ZEKjG9Pe8/getUpdates "HTTP/1.1 200 OK"
2026-06-22 12:11:57,128 | INFO | HTTP Request: POST https://api.telegram.org/bot8138415576:AAEBNAZqjuA8AqzgpSVZuWs77_ZEKjG9Pe8/getUpdates "HTTP/1.1 200 OK"
2026-06-22 12:12:07,366 | INFO | HTTP Request: POST https://api.telegram.org/bot8138415576:AAEBNAZqjuA8AqzgpSVZuWs77_ZEKjG9Pe8/getUpdates "HTTP/1.1 200 OK"
2026-06-22 12:12:17,480 | INFO | HTTP Request: POST https://api.telegram.org/bot8138415576:AAEBNAZqjuA8AqzgpSVZuWs77_ZEKjG9Pe8/getUpdates "HTTP/1.1 200 OK"
2026-06-22 12:12:27,657 | INFO | HTTP Request: POST https://api.telegram.org/bot8138415576:AAEBNAZqjuA8AqzgpSVZuWs77_ZEKjG9Pe8/getUpdates "HTTP/1.1 200 OK"
2026-06-22 12:12:37,745 | INFO | HTTP Request: POST https://api.telegram.org/bot8138415576:AAEBNAZqjuA8AqzgpSVZuWs77_ZEKjG9Pe8/getUpdates "HTTP/1.1 200 OK"
2026-06-22 12:12:47,844 | INFO | HTTP Request: POST https://api.telegram.org/bot8138415576:AAEBNAZqjuA8AqzgpSVZuWs77_ZEKjG9Pe8/getUpdates "HTTP/1.1 200 OK"
2026-06-22 12:12:57,947 | INFO | HTTP Request: POST https://api.telegram.org/bot8138415576:AAEBNAZqjuA8AqzgpSVZuWs77_ZEKjG9Pe8/getUpdates "HTTP/1.1 200 OK"
2026-06-22 12:13:08,025 | INFO | HTTP Request: POST https://api.telegram.org/bot8138415576:AAEBNAZqjuA8AqzgpSVZuWs77_ZEKjG9Pe8/getUpdates "HTTP/1.1 200 OK"
2026-06-22 12:13:18,119 | INFO | HTTP Request: POST https://api.telegram.org/bot8138415576:AAEBNAZqjuA8AqzgpSVZuWs77_ZEKjG9Pe8/getUpdates "HTTP/1.1 200 OK"
2026-06-22 12:13:28,265 | INFO | HTTP Request: POST https://api.telegram.org/bot8138415576:AAEBNAZqjuA8AqzgpSVZuWs77_ZEKjG9Pe8/getUpdates "HTTP/1.1 200 OK"
2026-06-22 12:13:38,408 | INFO | HTTP Request: POST https://api.telegram.org/bot8138415576:AAEBNAZqjuA8AqzgpSVZuWs77_ZEKjG9Pe8/getUpdates "HTTP/1.1 200 OK"
2026-06-22 12:13:48,485 | INFO | HTTP Request: POST https://api.telegram.org/bot8138415576:AAEBNAZqjuA8AqzgpSVZuWs77_ZEKjG9Pe8/getUpdates "HTTP/1.1 200 OK"
2026-06-22 12:13:58,591 | INFO | HTTP Request: POST https://api.telegram.org/bot8138415576:AAEBNAZqjuA8AqzgpSVZuWs77_ZEKjG9Pe8/getUpdates "HTTP/1.1 200 OK"
2026-06-22 12:14:08,679 | INFO | HTTP Request: POST https://api.telegram.org/bot8138415576:AAEBNAZqjuA8AqzgpSVZuWs77_ZEKjG9Pe8/getUpdates "HTTP/1.1 200 OK"
2026-06-22 12:14:18,790 | INFO | HTTP Request: POST https://api.telegram.org/bot8138415576:AAEBNAZqjuA8AqzgpSVZuWs77_ZEKjG9Pe8/getUpdates "HTTP/1.1 200 OK"
2026-06-22 12:14:28,948 | INFO | HTTP Request: POST https://api.telegram.org/bot8138415576:AAEBNAZqjuA8AqzgpSVZuWs77_ZEKjG9Pe8/getUpdates "HTTP/1.1 200 OK"
2026-06-22 12:14:39,034 | INFO | HTTP Request: POST https://api.telegram.org/bot8138415576:AAEBNAZqjuA8AqzgpSVZuWs77_ZEKjG9Pe8/getUpdates "HTTP/1.1 200 OK"
2026-06-22 12:14:49,178 | INFO | HTTP Request: POST https://api.telegram.org/bot8138415576:AAEBNAZqjuA8AqzgpSVZuWs77_ZEKjG9Pe8/getUpdates "HTTP/1.1 200 OK"
2026-06-22 12:14:59,279 | INFO | HTTP Request: POST https://api.telegram.org/bot8138415576:AAEBNAZqjuA8AqzgpSVZuWs77_ZEKjG9Pe8/getUpdates "HTTP/1.1 200 OK"
2026-06-22 12:15:09,356 | INFO | HTTP Request: POST https://api.telegram.org/bot8138415576:AAEBNAZqjuA8AqzgpSVZuWs77_ZEKjG9Pe8/getUpdates "HTTP/1.1 200 OK"
2026-06-22 12:15:19,436 | INFO | HTTP Request: POST https://api.telegram.org/bot8138415576:AAEBNAZqjuA8AqzgpSVZuWs77_ZEKjG9Pe8/getUpdates "HTTP/1.1 200 OK"
2026-06-22 12:15:29,509 | INFO | HTTP Request: POST https://api.telegram.org/bot8138415576:AAEBNAZqjuA8AqzgpSVZuWs77_ZEKjG9Pe8/getUpdates "HTTP/1.1 200 OK"
2026-06-22 12:15:39,591 | INFO | HTTP Request: POST https://api.telegram.org/bot8138415576:AAEBNAZqjuA8AqzgpSVZuWs77_ZEKjG9Pe8/getUpdates "HTTP/1.1 200 OK"
2026-06-22 12:15:49,681 | INFO | HTTP Request: POST https://api.telegram.org/bot8138415576:AAEBNAZqjuA8AqzgpSVZuWs77_ZEKjG9Pe8/getUpdates "HTTP/1.1 200 OK"
2026-06-22 12:15:59,751 | INFO | HTTP Request: POST https://api.telegram.org/bot8138415576:AAEBNAZqjuA8AqzgpSVZuWs77_ZEKjG9Pe8/getUpdates "HTTP/1.1 200 OK"
2026-06-22 12:16:09,827 | INFO | HTTP Request: POST https://api.telegram.org/bot8138415576:AAEBNAZqjuA8AqzgpSVZuWs77_ZEKjG9Pe8/getUpdates "HTTP/1.1 200 OK"
2026-06-22 12:16:19,906 | INFO | HTTP Request: POST https://api.telegram.org/bot8138415576:AAEBNAZqjuA8AqzgpSVZuWs77_ZEKjG9Pe8/getUpdates "HTTP/1.1 200 OK"
2026-06-22 12:16:29,990 | INFO | HTTP Request: POST https://api.telegram.org/bot8138415576:AAEBNAZqjuA8AqzgpSVZuWs77_ZEKjG9Pe8/getUpdates "HTTP/1.1 200 OK"
2026-06-22 12:16:40,088 | INFO | HTTP Request: POST https://api.telegram.org/bot8138415576:AAEBNAZqjuA8AqzgpSVZuWs77_ZEKjG9Pe8/getUpdates "HTTP/1.1 200 OK"
2026-06-22 12:16:50,173 | INFO | HTTP Request: POST https://api.telegram.org/bot8138415576:AAEBNAZqjuA8AqzgpSVZuWs77_ZEKjG9Pe8/getUpdates "HTTP/1.1 200 OK"
2026-06-22 12:17:00,393 | INFO | HTTP Request: POST https://api.telegram.org/bot8138415576:AAEBNAZqjuA8AqzgpSVZuWs77_ZEKjG9Pe8/getUpdates "HTTP/1.1 200 OK"
2026-06-22 12:17:10,518 | INFO | HTTP Request: POST https://api.telegram.org/bot8138415576:AAEBNAZqjuA8AqzgpSVZuWs77_ZEKjG9Pe8/getUpdates "HTTP/1.1 200 OK"
2026-06-22 12:17:20,604 | INFO | HTTP Request: POST https://api.telegram.org/bot8138415576:AAEBNAZqjuA8AqzgpSVZuWs77_ZEKjG9Pe8/getUpdates "HTTP/1.1 200 OK"
2026-06-22 12:17:30,685 | INFO | HTTP Request: POST https://api.telegram.org/bot8138415576:AAEBNAZqjuA8AqzgpSVZuWs77_ZEKjG9Pe8/getUpdates "HTTP/1.1 200 OK"
2026-06-22 12:17:40,783 | INFO | HTTP Request: POST https://api.telegram.org/bot8138415576:AAEBNAZqjuA8AqzgpSVZuWs77_ZEKjG9Pe8/getUpdates "HTTP/1.1 200 OK"
2026-06-22 12:17:50,860 | INFO | HTTP Request: POST https://api.telegram.org/bot8138415576:AAEBNAZqjuA8AqzgpSVZuWs77_ZEKjG9Pe8/getUpdates "HTTP/1.1 200 OK"
2026-06-22 12:18:00,941 | INFO | HTTP Request: POST https://api.telegram.org/bot8138415576:AAEBNAZqjuA8AqzgpSVZuWs77_ZEKjG9Pe8/getUpdates "HTTP/1.1 200 OK"
2026-06-22 12:18:11,019 | INFO | HTTP Request: POST https://api.telegram.org/bot8138415576:AAEBNAZqjuA8AqzgpSVZuWs77_ZEKjG9Pe8/getUpdates "HTTP/1.1 200 OK"
2026-06-22 12:18:21,096 | INFO | HTTP Request: POST https://api.telegram.org/bot8138415576:AAEBNAZqjuA8AqzgpSVZuWs77_ZEKjG9Pe8/getUpdates "HTTP/1.1 200 OK"
2026-06-22 12:18:31,301 | INFO | HTTP Request: POST https://api.telegram.org/bot8138415576:AAEBNAZqjuA8AqzgpSVZuWs77_ZEKjG9Pe8/getUpdates "HTTP/1.1 200 OK"
2026-06-22 12:18:41,403 | INFO | HTTP Request: POST https://api.telegram.org/bot8138415576:AAEBNAZqjuA8AqzgpSVZuWs77_ZEKjG9Pe8/getUpdates "HTTP/1.1 200 OK"
2026-06-22 12:18:51,481 | INFO | HTTP Request: POST https://api.telegram.org/bot8138415576:AAEBNAZqjuA8AqzgpSVZuWs77_ZEKjG9Pe8/getUpdates "HTTP/1.1 200 OK"
2026-06-22 12:19:01,554 | INFO | HTTP Request: POST https://api.telegram.org/bot8138415576:AAEBNAZqjuA8AqzgpSVZuWs77_ZEKjG9Pe8/getUpdates "HTTP/1.1 200 OK"
2026-06-22 12:19:11,631 | INFO | HTTP Request: POST https://api.telegram.org/bot8138415576:AAEBNAZqjuA8AqzgpSVZuWs77_ZEKjG9Pe8/getUpdates "HTTP/1.1 200 OK"
2026-06-22 12:19:21,711 | INFO | HTTP Request: POST https://api.telegram.org/bot8138415576:AAEBNAZqjuA8AqzgpSVZuWs77_ZEKjG9Pe8/getUpdates "HTTP/1.1 200 OK"
2026-06-22 12:19:31,794 | INFO | HTTP Request: POST https://api.telegram.org/bot8138415576:AAEBNAZqjuA8AqzgpSVZuWs77_ZEKjG9Pe8/getUpdates "HTTP/1.1 200 OK"
2026-06-22 12:19:41,873 | INFO | HTTP Request: POST https://api.telegram.org/bot8138415576:AAEBNAZqjuA8AqzgpSVZuWs77_ZEKjG9Pe8/getUpdates "HTTP/1.1 200 OK"
2026-06-22 12:19:51,999 | INFO | HTTP Request: POST https://api.telegram.org/bot8138415576:AAEBNAZqjuA8AqzgpSVZuWs77_ZEKjG9Pe8/getUpdates "HTTP/1.1 200 OK"
2026-06-22 12:20:02,070 | INFO | HTTP Request: POST https://api.telegram.org/bot8138415576:AAEBNAZqjuA8AqzgpSVZuWs77_ZEKjG9Pe8/getUpdates "HTTP/1.1 200 OK"
2026-06-22 12:20:12,149 | INFO | HTTP Request: POST https://api.telegram.org/bot8138415576:AAEBNAZqjuA8AqzgpSVZuWs77_ZEKjG9Pe8/getUpdates "HTTP/1.1 200 OK"
2026-06-22 12:20:22,233 | INFO | HTTP Request: POST https://api.telegram.org/bot8138415576:AAEBNAZqjuA8AqzgpSVZuWs77_ZEKjG9Pe8/getUpdates "HTTP/1.1 200 OK"
2026-06-22 12:20:32,311 | INFO | HTTP Request: POST https://api.telegram.org/bot8138415576:AAEBNAZqjuA8AqzgpSVZuWs77_ZEKjG9Pe8/getUpdates "HTTP/1.1 200 OK"
